<?xml version="1.0" encoding="UTF-8"?>
<!-- Generated by org.testng.reporters.JUnitXMLReporter -->
<testsuite hostname="HP" name="Test" tests="4" failures="0" timestamp="11 Oct 2021 09:51:55 GMT" time="21.241" errors="0">
  <testcase name="tc01" time="13.111" classname="org.sample.testing"/>
  <testcase name="tc02" time="8.019" classname="org.sample.testing"/>
  <testcase name="tc03" time="0.016" classname="org.sample.testing"/>
  <testcase name="tc04" time="0.008" classname="org.sample.testing"/>
</testsuite> <!-- Test -->
